{"D:\\carbon-trading-platform-main\\client\\src\\api\\platformAdminApi.ts": {"path":"D:\\carbon-trading-platform-main\\client\\src\\api\\platformAdminApi.ts","statementMap":{"0":{"start":{"line":11,"column":0},"end":{"line":11,"column":22}},"1":{"start":{"line":17,"column":0},"end":{"line":17,"column":22}},"2":{"start":{"line":23,"column":0},"end":{"line":23,"column":22}},"3":{"start":{"line":31,"column":0},"end":{"line":31,"column":22}},"4":{"start":{"line":36,"column":0},"end":{"line":36,"column":22}},"5":{"start":{"line":41,"column":0},"end":{"line":41,"column":22}},"6":{"start":{"line":50,"column":0},"end":{"line":50,"column":22}},"7":{"start":{"line":59,"column":0},"end":{"line":59,"column":22}},"8":{"start":{"line":64,"column":0},"end":{"line":64,"column":22}},"9":{"start":{"line":77,"column":0},"end":{"line":77,"column":22}},"10":{"start":{"line":83,"column":0},"end":{"line":83,"column":22}},"11":{"start":{"line":91,"column":0},"end":{"line":91,"column":22}},"12":{"start":{"line":97,"column":0},"end":{"line":97,"column":22}},"13":{"start":{"line":1,"column":0},"end":{"line":1,"column":26}},"14":{"start":{"line":3,"column":13},"end":{"line":3,"column":51}},"15":{"start":{"line":6,"column":16},"end":{"line":6,"column":58}},"16":{"start":{"line":7,"column":2},"end":{"line":7,"column":46}},"17":{"start":{"line":12,"column":14},"end":{"line":12,"column":73}},"18":{"start":{"line":13,"column":2},"end":{"line":13,"column":18}},"19":{"start":{"line":18,"column":14},"end":{"line":18,"column":77}},"20":{"start":{"line":19,"column":2},"end":{"line":19,"column":18}},"21":{"start":{"line":23,"column":37},"end":{"line":29,"column":null}},"22":{"start":{"line":24,"column":14},"end":{"line":27,"column":4}},"23":{"start":{"line":28,"column":2},"end":{"line":28,"column":18}},"24":{"start":{"line":32,"column":14},"end":{"line":32,"column":83}},"25":{"start":{"line":33,"column":2},"end":{"line":33,"column":18}},"26":{"start":{"line":37,"column":14},"end":{"line":37,"column":95}},"27":{"start":{"line":38,"column":2},"end":{"line":38,"column":18}},"28":{"start":{"line":42,"column":14},"end":{"line":45,"column":null}},"29":{"start":{"line":47,"column":2},"end":{"line":47,"column":18}},"30":{"start":{"line":51,"column":14},"end":{"line":54,"column":null}},"31":{"start":{"line":56,"column":2},"end":{"line":56,"column":18}},"32":{"start":{"line":60,"column":14},"end":{"line":60,"column":95}},"33":{"start":{"line":61,"column":2},"end":{"line":61,"column":18}},"34":{"start":{"line":69,"column":14},"end":{"line":72,"column":null}},"35":{"start":{"line":74,"column":2},"end":{"line":74,"column":18}},"36":{"start":{"line":78,"column":14},"end":{"line":78,"column":86}},"37":{"start":{"line":79,"column":2},"end":{"line":79,"column":18}},"38":{"start":{"line":83,"column":33},"end":{"line":89,"column":null}},"39":{"start":{"line":84,"column":14},"end":{"line":87,"column":4}},"40":{"start":{"line":88,"column":2},"end":{"line":88,"column":18}},"41":{"start":{"line":92,"column":14},"end":{"line":92,"column":82}},"42":{"start":{"line":93,"column":2},"end":{"line":93,"column":18}},"43":{"start":{"line":97,"column":40},"end":{"line":103,"column":null}},"44":{"start":{"line":98,"column":14},"end":{"line":101,"column":4}},"45":{"start":{"line":102,"column":2},"end":{"line":102,"column":18}}},"fnMap":{"0":{"name":"getHeaders","decl":{"start":{"line":5,"column":9},"end":{"line":5,"column":19}},"loc":{"start":{"line":5,"column":19},"end":{"line":8,"column":1}}},"1":{"name":"platformAdminLogin","decl":{"start":{"line":11,"column":22},"end":{"line":11,"column":40}},"loc":{"start":{"line":11,"column":72},"end":{"line":14,"column":null}}},"2":{"name":"fetchDashboardStats","decl":{"start":{"line":17,"column":22},"end":{"line":17,"column":41}},"loc":{"start":{"line":17,"column":41},"end":{"line":20,"column":null}}},"3":{"name":"fetchCompanies","decl":{"start":{"line":23,"column":22},"end":{"line":23,"column":36}},"loc":{"start":{"line":23,"column":36},"end":{"line":29,"column":null}}},"4":{"name":"(anonymous_14)","decl":{"start":{"line":23,"column":37},"end":{"line":23,"column":79}},"loc":{"start":{"line":23,"column":81},"end":{"line":29,"column":1}}},"5":{"name":"fetchCompanyDetails","decl":{"start":{"line":31,"column":22},"end":{"line":31,"column":41}},"loc":{"start":{"line":31,"column":52},"end":{"line":34,"column":null}}},"6":{"name":"approveCompany","decl":{"start":{"line":36,"column":22},"end":{"line":36,"column":36}},"loc":{"start":{"line":36,"column":47},"end":{"line":39,"column":null}}},"7":{"name":"rejectCompany","decl":{"start":{"line":41,"column":22},"end":{"line":41,"column":35}},"loc":{"start":{"line":41,"column":63},"end":{"line":48,"column":null}}},"8":{"name":"blockCompany","decl":{"start":{"line":50,"column":22},"end":{"line":50,"column":34}},"loc":{"start":{"line":50,"column":62},"end":{"line":57,"column":null}}},"9":{"name":"unblockCompany","decl":{"start":{"line":59,"column":22},"end":{"line":59,"column":36}},"loc":{"start":{"line":59,"column":47},"end":{"line":62,"column":null}}},"10":{"name":"adjustCredits","decl":{"start":{"line":64,"column":22},"end":{"line":64,"column":35}},"loc":{"start":{"line":67,"column":39},"end":{"line":75,"column":null}}},"11":{"name":"deleteCompany","decl":{"start":{"line":77,"column":22},"end":{"line":77,"column":35}},"loc":{"start":{"line":77,"column":46},"end":{"line":80,"column":null}}},"12":{"name":"fetchUsers","decl":{"start":{"line":83,"column":22},"end":{"line":83,"column":32}},"loc":{"start":{"line":83,"column":32},"end":{"line":89,"column":null}}},"13":{"name":"(anonymous_30)","decl":{"start":{"line":83,"column":33},"end":{"line":83,"column":75}},"loc":{"start":{"line":83,"column":77},"end":{"line":89,"column":1}}},"14":{"name":"deleteUser","decl":{"start":{"line":91,"column":22},"end":{"line":91,"column":32}},"loc":{"start":{"line":91,"column":43},"end":{"line":94,"column":null}}},"15":{"name":"fetchTransactions","decl":{"start":{"line":97,"column":22},"end":{"line":97,"column":39}},"loc":{"start":{"line":97,"column":39},"end":{"line":103,"column":null}}},"16":{"name":"(anonymous_34)","decl":{"start":{"line":97,"column":40},"end":{"line":97,"column":82}},"loc":{"start":{"line":97,"column":84},"end":{"line":103,"column":1}}}},"branchMap":{"0":{"loc":{"start":{"line":23,"column":37},"end":{"line":23,"column":81}},"type":"default-arg","locations":[{"start":{"line":23,"column":79},"end":{"line":23,"column":81}}]},"1":{"loc":{"start":{"line":83,"column":33},"end":{"line":83,"column":77}},"type":"default-arg","locations":[{"start":{"line":83,"column":75},"end":{"line":83,"column":77}}]},"2":{"loc":{"start":{"line":97,"column":40},"end":{"line":97,"column":84}},"type":"default-arg","locations":[{"start":{"line":97,"column":82},"end":{"line":97,"column":84}}]}},"s":{"0":6,"1":6,"2":6,"3":6,"4":6,"5":6,"6":6,"7":6,"8":6,"9":6,"10":6,"11":6,"12":6,"13":6,"14":6,"15":24,"16":24,"17":2,"18":2,"19":4,"20":4,"21":3,"22":3,"23":3,"24":1,"25":1,"26":1,"27":1,"28":2,"29":2,"30":1,"31":1,"32":1,"33":1,"34":4,"35":4,"36":1,"37":1,"38":2,"39":2,"40":2,"41":1,"42":1,"43":3,"44":3,"45":3},"f":{"0":24,"1":2,"2":4,"3":3,"4":3,"5":1,"6":1,"7":2,"8":1,"9":1,"10":4,"11":1,"12":2,"13":2,"14":1,"15":3,"16":3},"b":{"0":[2],"1":[1],"2":[2]}}
,"D:\\carbon-trading-platform-main\\client\\src\\components\\admin\\ConfirmModal.tsx": {"path":"D:\\carbon-trading-platform-main\\client\\src\\components\\admin\\ConfirmModal.tsx","statementMap":{"0":{"start":{"line":10,"column":0},"end":{"line":10,"column":24}},"1":{"start":{"line":18,"column":2},"end":{"line":42,"column":4}}},"fnMap":{"0":{"name":"ConfirmModal","decl":{"start":{"line":10,"column":24},"end":{"line":10,"column":36}},"loc":{"start":{"line":17,"column":8},"end":{"line":43,"column":1}}}},"branchMap":{"0":{"loc":{"start":{"line":13,"column":2},"end":{"line":13,"column":26}},"type":"default-arg","locations":[{"start":{"line":13,"column":17},"end":{"line":13,"column":26}}]},"1":{"loc":{"start":{"line":14,"column":2},"end":{"line":14,"column":16}},"type":"default-arg","locations":[{"start":{"line":14,"column":11},"end":{"line":14,"column":16}}]},"2":{"loc":{"start":{"line":34,"column":14},"end":{"line":34,"column":null}},"type":"cond-expr","locations":[{"start":{"line":34,"column":23},"end":{"line":34,"column":52}},{"start":{"line":34,"column":55},"end":{"line":34,"column":null}}]}},"s":{"0":1,"1":8},"f":{"0":8},"b":{"0":[6],"1":[6],"2":[1,7]}}
,"D:\\carbon-trading-platform-main\\client\\src\\components\\admin\\PlatformAdminSidebar.tsx": {"path":"D:\\carbon-trading-platform-main\\client\\src\\components\\admin\\PlatformAdminSidebar.tsx","statementMap":{"0":{"start":{"line":27,"column":0},"end":{"line":27,"column":24}},"1":{"start":{"line":1,"column":0},"end":{"line":1,"column":null}},"2":{"start":{"line":19,"column":12},"end":{"line":25,"column":11}},"3":{"start":{"line":28,"column":20},"end":{"line":28,"column":81}},"4":{"start":{"line":30,"column":2},"end":{"line":97,"column":4}},"5":{"start":{"line":49,"column":29},"end":{"line":49,"column":41}},"6":{"start":{"line":50,"column":12},"end":{"line":69,"column":14}},"7":{"start":{"line":53,"column":31},"end":{"line":53,"column":43}}},"fnMap":{"0":{"name":"PlatformAdminSidebar","decl":{"start":{"line":27,"column":24},"end":{"line":27,"column":44}},"loc":{"start":{"line":27,"column":79},"end":{"line":98,"column":1}}},"1":{"name":"(anonymous_1)","decl":{"start":{"line":48,"column":19},"end":{"line":48,"column":20}},"loc":{"start":{"line":48,"column":50},"end":{"line":70,"column":11}}},"2":{"name":"(anonymous_2)","decl":{"start":{"line":53,"column":25},"end":{"line":53,"column":28}},"loc":{"start":{"line":53,"column":31},"end":{"line":53,"column":43}}}},"branchMap":{"0":{"loc":{"start":{"line":28,"column":31},"end":{"line":28,"column":80}},"type":"binary-expr","locations":[{"start":{"line":28,"column":31},"end":{"line":28,"column":72}},{"start":{"line":28,"column":76},"end":{"line":28,"column":80}}]},"1":{"loc":{"start":{"line":55,"column":18},"end":{"line":57,"column":null}},"type":"cond-expr","locations":[{"start":{"line":56,"column":22},"end":{"line":56,"column":81}},{"start":{"line":57,"column":22},"end":{"line":57,"column":null}}]},"2":{"loc":{"start":{"line":62,"column":20},"end":{"line":64,"column":null}},"type":"cond-expr","locations":[{"start":{"line":63,"column":24},"end":{"line":63,"column":36}},{"start":{"line":64,"column":24},"end":{"line":64,"column":null}}]},"3":{"loc":{"start":{"line":79,"column":66},"end":{"line":79,"column":99}},"type":"binary-expr","locations":[{"start":{"line":79,"column":66},"end":{"line":79,"column":80}},{"start":{"line":79,"column":84},"end":{"line":79,"column":99}}]}},"s":{"0":1,"1":1,"2":1,"3":10,"4":10,"5":50,"6":50,"7":5},"f":{"0":10,"1":50,"2":5},"b":{"0":[10,9],"1":[10,40],"2":[10,40],"3":[10,9]}}
,"D:\\carbon-trading-platform-main\\client\\src\\components\\admin\\ReasonModal.tsx": {"path":"D:\\carbon-trading-platform-main\\client\\src\\components\\admin\\ReasonModal.tsx","statementMap":{"0":{"start":{"line":10,"column":0},"end":{"line":10,"column":24}},"1":{"start":{"line":1,"column":0},"end":{"line":1,"column":33}},"2":{"start":{"line":11,"column":30},"end":{"line":11,"column":42}},"3":{"start":{"line":13,"column":2},"end":{"line":45,"column":4}},"4":{"start":{"line":23,"column":27},"end":{"line":23,"column":52}},"5":{"start":{"line":37,"column":27},"end":{"line":37,"column":44}}},"fnMap":{"0":{"name":"ReasonModal","decl":{"start":{"line":10,"column":24},"end":{"line":10,"column":35}},"loc":{"start":{"line":10,"column":104},"end":{"line":46,"column":1}}},"1":{"name":"(anonymous_1)","decl":{"start":{"line":23,"column":20},"end":{"line":23,"column":21}},"loc":{"start":{"line":23,"column":27},"end":{"line":23,"column":52}}},"2":{"name":"(anonymous_2)","decl":{"start":{"line":37,"column":21},"end":{"line":37,"column":24}},"loc":{"start":{"line":37,"column":27},"end":{"line":37,"column":44}}}},"branchMap":{"0":{"loc":{"start":{"line":10,"column":45},"end":{"line":10,"column":74}},"type":"default-arg","locations":[{"start":{"line":10,"column":59},"end":{"line":10,"column":74}}]}},"s":{"0":1,"1":1,"2":47,"3":47,"4":38,"5":2},"f":{"0":47,"1":38,"2":2},"b":{"0":[46]}}
,"D:\\carbon-trading-platform-main\\client\\src\\pages\\admin\\AdminDashboard.tsx": {"path":"D:\\carbon-trading-platform-main\\client\\src\\pages\\admin\\AdminDashboard.tsx","statementMap":{"0":{"start":{"line":40,"column":0},"end":{"line":40,"column":24}},"1":{"start":{"line":1,"column":0},"end":{"line":1,"column":44}},"2":{"start":{"line":2,"column":0},"end":{"line":2,"column":65}},"3":{"start":{"line":23,"column":2},"end":{"line":37,"column":4}},"4":{"start":{"line":41,"column":28},"end":{"line":41,"column":56}},"5":{"start":{"line":42,"column":32},"end":{"line":42,"column":46}},"6":{"start":{"line":43,"column":28},"end":{"line":43,"column":40}},"7":{"start":{"line":45,"column":2},"end":{"line":50,"column":9}},"8":{"start":{"line":46,"column":4},"end":{"line":49,"column":40}},"9":{"start":{"line":48,"column":19},"end":{"line":48,"column":51}},"10":{"start":{"line":49,"column":21},"end":{"line":49,"column":38}},"11":{"start":{"line":52,"column":2},"end":{"line":57,"column":6}},"12":{"start":{"line":53,"column":4},"end":{"line":57,"column":6}},"13":{"start":{"line":59,"column":2},"end":{"line":64,"column":6}},"14":{"start":{"line":60,"column":4},"end":{"line":64,"column":6}},"15":{"start":{"line":66,"column":2},"end":{"line":66,"column":26}},"16":{"start":{"line":66,"column":14},"end":{"line":66,"column":26}},"17":{"start":{"line":68,"column":2},"end":{"line":115,"column":4}}},"fnMap":{"0":{"name":"StatCard","decl":{"start":{"line":22,"column":9},"end":{"line":22,"column":17}},"loc":{"start":{"line":22,"column":56},"end":{"line":38,"column":1}}},"1":{"name":"AdminDashboard","decl":{"start":{"line":40,"column":24},"end":{"line":40,"column":38}},"loc":{"start":{"line":40,"column":38},"end":{"line":116,"column":1}}},"2":{"name":"(anonymous_2)","decl":{"start":{"line":45,"column":12},"end":{"line":45,"column":15}},"loc":{"start":{"line":45,"column":17},"end":{"line":50,"column":3}}},"3":{"name":"(anonymous_3)","decl":{"start":{"line":48,"column":13},"end":{"line":48,"column":16}},"loc":{"start":{"line":48,"column":19},"end":{"line":48,"column":51}}},"4":{"name":"(anonymous_4)","decl":{"start":{"line":49,"column":15},"end":{"line":49,"column":18}},"loc":{"start":{"line":49,"column":21},"end":{"line":49,"column":38}}}},"branchMap":{"0":{"loc":{"start":{"line":52,"column":2},"end":{"line":57,"column":6}},"type":"if","locations":[{"start":{"line":52,"column":2},"end":{"line":57,"column":6}},{"start":{},"end":{}}]},"1":{"loc":{"start":{"line":59,"column":2},"end":{"line":64,"column":6}},"type":"if","locations":[{"start":{"line":59,"column":2},"end":{"line":64,"column":6}},{"start":{},"end":{}}]},"2":{"loc":{"start":{"line":66,"column":2},"end":{"line":66,"column":26}},"type":"if","locations":[{"start":{"line":66,"column":2},"end":{"line":66,"column":26}},{"start":{},"end":{}}]}},"s":{"0":1,"1":1,"2":1,"3":54,"4":19,"5":19,"6":19,"7":19,"8":11,"9":1,"10":9,"11":19,"12":11,"13":8,"14":1,"15":7,"16":1,"17":6},"f":{"0":54,"1":19,"2":11,"3":1,"4":9},"b":{"0":[11,8],"1":[1,7],"2":[1,6]}}
,"D:\\carbon-trading-platform-main\\client\\src\\pages\\admin\\CompanyManagement.tsx": {"path":"D:\\carbon-trading-platform-main\\client\\src\\pages\\admin\\CompanyManagement.tsx","statementMap":{"0":{"start":{"line":37,"column":0},"end":{"line":37,"column":24}},"1":{"start":{"line":1,"column":0},"end":{"line":1,"column":57}},"2":{"start":{"line":2,"column":0},"end":{"line":2,"column":null}},"3":{"start":{"line":11,"column":0},"end":{"line":11,"column":75}},"4":{"start":{"line":12,"column":0},"end":{"line":12,"column":61}},"5":{"start":{"line":13,"column":0},"end":{"line":13,"column":63}},"6":{"start":{"line":15,"column":0},"end":{"line":15,"column":null}},"7":{"start":{"line":30,"column":45},"end":{"line":35,"column":2}},"8":{"start":{"line":39,"column":36},"end":{"line":39,"column":55}},"9":{"start":{"line":40,"column":28},"end":{"line":40,"column":39}},"10":{"start":{"line":41,"column":26},"end":{"line":41,"column":37}},"11":{"start":{"line":42,"column":38},"end":{"line":42,"column":49}},"12":{"start":{"line":44,"column":42},"end":{"line":44,"column":65}},"13":{"start":{"line":45,"column":38},"end":{"line":45,"column":53}},"14":{"start":{"line":46,"column":30},"end":{"line":46,"column":42}},"15":{"start":{"line":47,"column":32},"end":{"line":47,"column":47}},"16":{"start":{"line":49,"column":48},"end":{"line":49,"column":67}},"17":{"start":{"line":50,"column":40},"end":{"line":50,"column":105}},"18":{"start":{"line":51,"column":44},"end":{"line":51,"column":73}},"19":{"start":{"line":53,"column":24},"end":{"line":77,"column":46}},"20":{"start":{"line":53,"column":47},"end":{"line":77,"column":5}},"21":{"start":{"line":55,"column":4},"end":{"line":55,"column":21}},"22":{"start":{"line":57,"column":4},"end":{"line":75,"column":5}},"23":{"start":{"line":59,"column":54},"end":{"line":59,"column":73}},"24":{"start":{"line":61,"column":6},"end":{"line":61,"column":63}},"25":{"start":{"line":61,"column":34},"end":{"line":61,"column":63}},"26":{"start":{"line":62,"column":6},"end":{"line":62,"column":57}},"27":{"start":{"line":62,"column":32},"end":{"line":62,"column":57}},"28":{"start":{"line":63,"column":6},"end":{"line":63,"column":55}},"29":{"start":{"line":63,"column":25},"end":{"line":63,"column":55}},"30":{"start":{"line":65,"column":19},"end":{"line":65,"column":47}},"31":{"start":{"line":67,"column":6},"end":{"line":67,"column":41}},"32":{"start":{"line":68,"column":6},"end":{"line":68,"column":32}},"33":{"start":{"line":69,"column":6},"end":{"line":69,"column":42}},"34":{"start":{"line":74,"column":6},"end":{"line":74,"column":24}},"35":{"start":{"line":79,"column":2},"end":{"line":81,"column":22}},"36":{"start":{"line":80,"column":4},"end":{"line":80,"column":20}},"37":{"start":{"line":83,"column":24},"end":{"line":86,"column":4}},"38":{"start":{"line":83,"column":45},"end":{"line":86,"column":4}},"39":{"start":{"line":84,"column":4},"end":{"line":84,"column":29}},"40":{"start":{"line":85,"column":4},"end":{"line":85,"column":20}},"41":{"start":{"line":88,"column":33},"end":{"line":99,"column":4}},"42":{"start":{"line":88,"column":58},"end":{"line":99,"column":4}},"43":{"start":{"line":90,"column":4},"end":{"line":90,"column":29}},"44":{"start":{"line":90,"column":22},"end":{"line":90,"column":29}},"45":{"start":{"line":92,"column":4},"end":{"line":95,"column":49}},"46":{"start":{"line":93,"column":6},"end":{"line":93,"column":50}},"47":{"start":{"line":95,"column":6},"end":{"line":95,"column":49}},"48":{"start":{"line":97,"column":4},"end":{"line":97,"column":25}},"49":{"start":{"line":98,"column":4},"end":{"line":98,"column":20}},"50":{"start":{"line":101,"column":24},"end":{"line":104,"column":4}},"51":{"start":{"line":101,"column":45},"end":{"line":104,"column":4}},"52":{"start":{"line":102,"column":4},"end":{"line":102,"column":29}},"53":{"start":{"line":103,"column":4},"end":{"line":103,"column":20}},"54":{"start":{"line":106,"column":23},"end":{"line":113,"column":4}},"55":{"start":{"line":106,"column":34},"end":{"line":113,"column":4}},"56":{"start":{"line":108,"column":4},"end":{"line":108,"column":31}},"57":{"start":{"line":108,"column":24},"end":{"line":108,"column":31}},"58":{"start":{"line":110,"column":4},"end":{"line":110,"column":39}},"59":{"start":{"line":111,"column":4},"end":{"line":111,"column":27}},"60":{"start":{"line":112,"column":4},"end":{"line":112,"column":20}},"61":{"start":{"line":115,"column":23},"end":{"line":121,"column":3}},"62":{"start":{"line":117,"column":4},"end":{"line":117,"column":18}},"63":{"start":{"line":118,"column":4},"end":{"line":118,"column":27}},"64":{"start":{"line":119,"column":4},"end":{"line":119,"column":25}},"65":{"start":{"line":120,"column":4},"end":{"line":120,"column":15}},"66":{"start":{"line":124,"column":4},"end":{"line":124,"column":86}},"67":{"start":{"line":126,"column":2},"end":{"line":412,"column":4}},"68":{"start":{"line":172,"column":31},"end":{"line":172,"column":57}},"69":{"start":{"line":172,"column":58},"end":{"line":172,"column":69}},"70":{"start":{"line":182,"column":31},"end":{"line":182,"column":73}},"71":{"start":{"line":182,"column":74},"end":{"line":182,"column":85}},"72":{"start":{"line":187,"column":14},"end":{"line":187,"column":30}},"73":{"start":{"line":196,"column":31},"end":{"line":196,"column":61}},"74":{"start":{"line":196,"column":62},"end":{"line":196,"column":73}},"75":{"start":{"line":201,"column":14},"end":{"line":201,"column":30}},"76":{"start":{"line":230,"column":16},"end":{"line":231,"column":null}},"77":{"start":{"line":262,"column":35},"end":{"line":346,"column":16}},"78":{"start":{"line":277,"column":39},"end":{"line":277,"column":64}},"79":{"start":{"line":313,"column":66},"end":{"line":313,"column":86}},"80":{"start":{"line":314,"column":64},"end":{"line":314,"column":111}},"81":{"start":{"line":319,"column":65},"end":{"line":319,"column":111}},"82":{"start":{"line":323,"column":64},"end":{"line":323,"column":84}},"83":{"start":{"line":327,"column":39},"end":{"line":327,"column":64}},"84":{"start":{"line":334,"column":39},"end":{"line":334,"column":62}},"85":{"start":{"line":364,"column":27},"end":{"line":364,"column":46}},"86":{"start":{"line":364,"column":40},"end":{"line":364,"column":45}},"87":{"start":{"line":372,"column":27},"end":{"line":372,"column":46}},"88":{"start":{"line":372,"column":40},"end":{"line":372,"column":45}},"89":{"start":{"line":387,"column":27},"end":{"line":387,"column":52}},"90":{"start":{"line":387,"column":53},"end":{"line":387,"column":69}},"91":{"start":{"line":396,"column":26},"end":{"line":396,"column":46}},"92":{"start":{"line":407,"column":26},"end":{"line":407,"column":48}},"93":{"start":{"line":425,"column":14},"end":{"line":429,"column":4}},"94":{"start":{"line":431,"column":2},"end":{"line":438,"column":4}}},"fnMap":{"0":{"name":"CompanyManagement","decl":{"start":{"line":37,"column":24},"end":{"line":37,"column":41}},"loc":{"start":{"line":37,"column":41},"end":{"line":413,"column":1}}},"1":{"name":"(anonymous_9)","decl":{"start":{"line":53,"column":36},"end":{"line":53,"column":45}},"loc":{"start":{"line":53,"column":47},"end":{"line":77,"column":5}}},"2":{"name":"(anonymous_10)","decl":{"start":{"line":53,"column":47},"end":{"line":53,"column":null}},"loc":{"start":{"line":53,"column":47},"end":{"line":77,"column":3}}},"3":{"name":"(anonymous_11)","decl":{"start":{"line":79,"column":12},"end":{"line":79,"column":15}},"loc":{"start":{"line":79,"column":17},"end":{"line":81,"column":3}}},"4":{"name":"(anonymous_12)","decl":{"start":{"line":83,"column":24},"end":{"line":83,"column":31}},"loc":{"start":{"line":83,"column":45},"end":{"line":86,"column":4}}},"5":{"name":"(anonymous_13)","decl":{"start":{"line":83,"column":45},"end":{"line":83,"column":null}},"loc":{"start":{"line":83,"column":45},"end":{"line":86,"column":3}}},"6":{"name":"(anonymous_14)","decl":{"start":{"line":88,"column":33},"end":{"line":88,"column":40}},"loc":{"start":{"line":88,"column":58},"end":{"line":99,"column":4}}},"7":{"name":"(anonymous_15)","decl":{"start":{"line":88,"column":58},"end":{"line":88,"column":null}},"loc":{"start":{"line":88,"column":58},"end":{"line":99,"column":3}}},"8":{"name":"(anonymous_16)","decl":{"start":{"line":101,"column":24},"end":{"line":101,"column":31}},"loc":{"start":{"line":101,"column":45},"end":{"line":104,"column":4}}},"9":{"name":"(anonymous_17)","decl":{"start":{"line":101,"column":45},"end":{"line":101,"column":null}},"loc":{"start":{"line":101,"column":45},"end":{"line":104,"column":3}}},"10":{"name":"(anonymous_18)","decl":{"start":{"line":106,"column":23},"end":{"line":106,"column":32}},"loc":{"start":{"line":106,"column":34},"end":{"line":113,"column":4}}},"11":{"name":"(anonymous_19)","decl":{"start":{"line":106,"column":34},"end":{"line":106,"column":null}},"loc":{"start":{"line":106,"column":34},"end":{"line":113,"column":3}}},"12":{"name":"(anonymous_20)","decl":{"start":{"line":115,"column":23},"end":{"line":115,"column":26}},"loc":{"start":{"line":115,"column":28},"end":{"line":121,"column":3}}},"13":{"name":"(anonymous_21)","decl":{"start":{"line":172,"column":22},"end":{"line":172,"column":23}},"loc":{"start":{"line":172,"column":28},"end":{"line":172,"column":71}}},"14":{"name":"(anonymous_22)","decl":{"start":{"line":182,"column":22},"end":{"line":182,"column":23}},"loc":{"start":{"line":182,"column":28},"end":{"line":182,"column":87}}},"15":{"name":"(anonymous_23)","decl":{"start":{"line":186,"column":69},"end":{"line":186,"column":70}},"loc":{"start":{"line":187,"column":14},"end":{"line":187,"column":30}}},"16":{"name":"(anonymous_24)","decl":{"start":{"line":196,"column":22},"end":{"line":196,"column":23}},"loc":{"start":{"line":196,"column":28},"end":{"line":196,"column":75}}},"17":{"name":"(anonymous_25)","decl":{"start":{"line":200,"column":62},"end":{"line":200,"column":63}},"loc":{"start":{"line":201,"column":14},"end":{"line":201,"column":30}}},"18":{"name":"(anonymous_26)","decl":{"start":{"line":229,"column":85},"end":{"line":229,"column":86}},"loc":{"start":{"line":230,"column":16},"end":{"line":231,"column":null}}},"19":{"name":"(anonymous_27)","decl":{"start":{"line":262,"column":28},"end":{"line":262,"column":29}},"loc":{"start":{"line":262,"column":34},"end":{"line":346,"column":16}}},"20":{"name":"(anonymous_28)","decl":{"start":{"line":277,"column":33},"end":{"line":277,"column":36}},"loc":{"start":{"line":277,"column":39},"end":{"line":277,"column":64}}},"21":{"name":"(anonymous_29)","decl":{"start":{"line":313,"column":60},"end":{"line":313,"column":63}},"loc":{"start":{"line":313,"column":66},"end":{"line":313,"column":86}}},"22":{"name":"(anonymous_30)","decl":{"start":{"line":314,"column":58},"end":{"line":314,"column":61}},"loc":{"start":{"line":314,"column":64},"end":{"line":314,"column":111}}},"23":{"name":"(anonymous_31)","decl":{"start":{"line":319,"column":59},"end":{"line":319,"column":62}},"loc":{"start":{"line":319,"column":65},"end":{"line":319,"column":111}}},"24":{"name":"(anonymous_32)","decl":{"start":{"line":323,"column":58},"end":{"line":323,"column":61}},"loc":{"start":{"line":323,"column":64},"end":{"line":323,"column":84}}},"25":{"name":"(anonymous_33)","decl":{"start":{"line":327,"column":33},"end":{"line":327,"column":36}},"loc":{"start":{"line":327,"column":39},"end":{"line":327,"column":64}}},"26":{"name":"(anonymous_34)","decl":{"start":{"line":334,"column":33},"end":{"line":334,"column":36}},"loc":{"start":{"line":334,"column":39},"end":{"line":334,"column":62}}},"27":{"name":"(anonymous_35)","decl":{"start":{"line":364,"column":21},"end":{"line":364,"column":24}},"loc":{"start":{"line":364,"column":27},"end":{"line":364,"column":46}}},"28":{"name":"(anonymous_36)","decl":{"start":{"line":364,"column":35},"end":{"line":364,"column":36}},"loc":{"start":{"line":364,"column":40},"end":{"line":364,"column":45}}},"29":{"name":"(anonymous_37)","decl":{"start":{"line":372,"column":21},"end":{"line":372,"column":24}},"loc":{"start":{"line":372,"column":27},"end":{"line":372,"column":46}}},"30":{"name":"(anonymous_38)","decl":{"start":{"line":372,"column":35},"end":{"line":372,"column":36}},"loc":{"start":{"line":372,"column":40},"end":{"line":372,"column":45}}},"31":{"name":"(anonymous_39)","decl":{"start":{"line":387,"column":19},"end":{"line":387,"column":22}},"loc":{"start":{"line":387,"column":24},"end":{"line":387,"column":71}}},"32":{"name":"(anonymous_40)","decl":{"start":{"line":396,"column":20},"end":{"line":396,"column":23}},"loc":{"start":{"line":396,"column":26},"end":{"line":396,"column":46}}},"33":{"name":"(anonymous_41)","decl":{"start":{"line":407,"column":20},"end":{"line":407,"column":23}},"loc":{"start":{"line":407,"column":26},"end":{"line":407,"column":48}}},"34":{"name":"ActionBtn","decl":{"start":{"line":415,"column":9},"end":{"line":415,"column":18}},"loc":{"start":{"line":423,"column":1},"end":{"line":439,"column":1}}}},"branchMap":{"0":{"loc":{"start":{"line":61,"column":6},"end":{"line":61,"column":63}},"type":"if","locations":[{"start":{"line":61,"column":6},"end":{"line":61,"column":63}},{"start":{},"end":{}}]},"1":{"loc":{"start":{"line":62,"column":6},"end":{"line":62,"column":57}},"type":"if","locations":[{"start":{"line":62,"column":6},"end":{"line":62,"column":57}},{"start":{},"end":{}}]},"2":{"loc":{"start":{"line":63,"column":6},"end":{"line":63,"column":55}},"type":"if","locations":[{"start":{"line":63,"column":6},"end":{"line":63,"column":55}},{"start":{},"end":{}}]},"3":{"loc":{"start":{"line":67,"column":19},"end":{"line":67,"column":39}},"type":"binary-expr","locations":[{"start":{"line":67,"column":19},"end":{"line":67,"column":33}},{"start":{"line":67,"column":37},"end":{"line":67,"column":39}}]},"4":{"loc":{"start":{"line":68,"column":15},"end":{"line":68,"column":30}},"type":"binary-expr","locations":[{"start":{"line":68,"column":15},"end":{"line":68,"column":25}},{"start":{"line":68,"column":29},"end":{"line":68,"column":30}}]},"5":{"loc":{"start":{"line":69,"column":20},"end":{"line":69,"column":40}},"type":"binary-expr","locations":[{"start":{"line":69,"column":20},"end":{"line":69,"column":35}},{"start":{"line":69,"column":39},"end":{"line":69,"column":40}}]},"6":{"loc":{"start":{"line":90,"column":4},"end":{"line":90,"column":29}},"type":"if","locations":[{"start":{"line":90,"column":4},"end":{"line":90,"column":29}},{"start":{},"end":{}}]},"7":{"loc":{"start":{"line":92,"column":4},"end":{"line":95,"column":49}},"type":"if","locations":[{"start":{"line":92,"column":4},"end":{"line":95,"column":49}},{"start":{"line":95,"column":6},"end":{"line":95,"column":49}}]},"8":{"loc":{"start":{"line":108,"column":4},"end":{"line":108,"column":31}},"type":"if","locations":[{"start":{"line":108,"column":4},"end":{"line":108,"column":31}},{"start":{},"end":{}}]},"9":{"loc":{"start":{"line":152,"column":44},"end":{"line":152,"column":73}},"type":"cond-expr","locations":[{"start":{"line":152,"column":54},"end":{"line":152,"column":68}},{"start":{"line":152,"column":71},"end":{"line":152,"column":73}}]},"10":{"loc":{"start":{"line":188,"column":17},"end":{"line":188,"column":49}},"type":"cond-expr","locations":[{"start":{"line":188,"column":31},"end":{"line":188,"column":45}},{"start":{"line":188,"column":48},"end":{"line":188,"column":49}}]},"11":{"loc":{"start":{"line":202,"column":17},"end":{"line":202,"column":46}},"type":"cond-expr","locations":[{"start":{"line":202,"column":31},"end":{"line":202,"column":42}},{"start":{"line":202,"column":45},"end":{"line":202,"column":46}}]},"12":{"loc":{"start":{"line":244,"column":13},"end":{"line":346,"column":null}},"type":"cond-expr","locations":[{"start":{"line":246,"column":14},"end":{"line":249,"column":null}},{"start":{"line":252,"column":16},"end":{"line":346,"column":null}}]},"13":{"loc":{"start":{"line":252,"column":16},"end":{"line":346,"column":null}},"type":"cond-expr","locations":[{"start":{"line":254,"column":14},"end":{"line":257,"column":null}},{"start":{"line":262,"column":14},"end":{"line":346,"column":16}}]},"14":{"loc":{"start":{"line":273,"column":25},"end":{"line":273,"column":42}},"type":"cond-expr","locations":[{"start":{"line":273,"column":31},"end":{"line":273,"column":33}},{"start":{"line":273,"column":31},"end":{"line":273,"column":42}}]},"15":{"loc":{"start":{"line":273,"column":25},"end":{"line":273,"column":33}},"type":"binary-expr","locations":[{"start":{"line":273,"column":25},"end":{"line":273,"column":33}},{"start":{"line":273,"column":31},"end":{"line":273,"column":33}}]},"16":{"loc":{"start":{"line":300,"column":21},"end":{"line":300,"column":54}},"type":"cond-expr","locations":[{"start":{"line":300,"column":36},"end":{"line":300,"column":38}},{"start":{"line":300,"column":36},"end":{"line":300,"column":54}}]},"17":{"loc":{"start":{"line":300,"column":21},"end":{"line":300,"column":38}},"type":"binary-expr","locations":[{"start":{"line":300,"column":21},"end":{"line":300,"column":38}},{"start":{"line":300,"column":36},"end":{"line":300,"column":38}}]},"18":{"loc":{"start":{"line":311,"column":23},"end":{"line":315,"column":null}},"type":"binary-expr","locations":[{"start":{"line":311,"column":23},"end":{"line":311,"column":45}},{"start":{"line":312,"column":24},"end":{"line":314,"column":null}}]},"19":{"loc":{"start":{"line":318,"column":23},"end":{"line":319,"column":null}},"type":"binary-expr","locations":[{"start":{"line":318,"column":23},"end":{"line":318,"column":44}},{"start":{"line":319,"column":24},"end":{"line":319,"column":130}}]},"20":{"loc":{"start":{"line":322,"column":23},"end":{"line":323,"column":null}},"type":"binary-expr","locations":[{"start":{"line":322,"column":23},"end":{"line":322,"column":45}},{"start":{"line":323,"column":24},"end":{"line":323,"column":105}}]},"21":{"loc":{"start":{"line":358,"column":7},"end":{"line":378,"column":null}},"type":"binary-expr","locations":[{"start":{"line":358,"column":7},"end":{"line":358,"column":21}},{"start":{"line":360,"column":8},"end":{"line":376,"column":null}}]},"22":{"loc":{"start":{"line":384,"column":7},"end":{"line":388,"column":null}},"type":"binary-expr","locations":[{"start":{"line":384,"column":7},"end":{"line":384,"column":22}},{"start":{"line":385,"column":8},"end":{"line":387,"column":null}}]},"23":{"loc":{"start":{"line":391,"column":7},"end":{"line":397,"column":null}},"type":"binary-expr","locations":[{"start":{"line":391,"column":7},"end":{"line":391,"column":18}},{"start":{"line":392,"column":8},"end":{"line":396,"column":null}}]},"24":{"loc":{"start":{"line":393,"column":17},"end":{"line":393,"column":85}},"type":"cond-expr","locations":[{"start":{"line":393,"column":51},"end":{"line":393,"column":67}},{"start":{"line":393,"column":70},"end":{"line":393,"column":85}}]},"25":{"loc":{"start":{"line":400,"column":7},"end":{"line":408,"column":null}},"type":"binary-expr","locations":[{"start":{"line":400,"column":7},"end":{"line":400,"column":20}},{"start":{"line":401,"column":8},"end":{"line":407,"column":null}}]}},"s":{"0":1,"1":1,"2":1,"3":1,"4":1,"5":1,"6":1,"7":1,"8":116,"9":116,"10":116,"11":116,"12":116,"13":116,"14":116,"15":116,"16":116,"17":116,"18":116,"19":116,"20":41,"21":41,"22":41,"23":41,"24":41,"25":2,"26":41,"27":1,"28":41,"29":3,"30":41,"31":40,"32":40,"33":40,"34":40,"35":116,"36":34,"37":116,"38":1,"39":1,"40":1,"41":116,"42":2,"43":2,"44":0,"45":2,"46":1,"47":1,"48":2,"49":2,"50":116,"51":1,"52":1,"53":1,"54":116,"55":1,"56":1,"57":0,"58":1,"59":1,"60":1,"61":116,"62":1,"63":1,"64":1,"65":1,"66":116,"67":116,"68":3,"69":3,"70":2,"71":2,"72":580,"73":1,"74":1,"75":464,"76":696,"77":151,"78":2,"79":1,"80":3,"81":2,"82":1,"83":0,"84":2,"85":0,"86":0,"87":0,"88":0,"89":1,"90":1,"91":1,"92":0,"93":198,"94":198},"f":{"0":116,"1":41,"2":41,"3":34,"4":1,"5":1,"6":2,"7":2,"8":1,"9":1,"10":1,"11":1,"12":1,"13":3,"14":2,"15":580,"16":1,"17":464,"18":696,"19":151,"20":2,"21":1,"22":3,"23":2,"24":1,"25":0,"26":2,"27":0,"28":0,"29":0,"30":0,"31":1,"32":1,"33":0,"34":198},"b":{"0":[2,39],"1":[1,40],"2":[3,38],"3":[40,0],"4":[40,1],"5":[40,0],"6":[0,2],"7":[1,1],"8":[0,1],"9":[37,79],"10":[116,464],"11":[116,348],"12":[37,79],"13":[28,51],"14":[0,151],"15":[151,151],"16":[0,151],"17":[151,151],"18":[151,51],"19":[151,50],"20":[151,50],"21":[116,1],"22":[116,2],"23":[116,5],"24":[3,2],"25":[116,2]}}
,"D:\\carbon-trading-platform-main\\client\\src\\pages\\admin\\PlatformAdminLogin.tsx": {"path":"D:\\carbon-trading-platform-main\\client\\src\\pages\\admin\\PlatformAdminLogin.tsx","statementMap":{"0":{"start":{"line":9,"column":0},"end":{"line":9,"column":24}},"1":{"start":{"line":1,"column":0},"end":{"line":1,"column":33}},"2":{"start":{"line":2,"column":0},"end":{"line":2,"column":64}},"3":{"start":{"line":3,"column":0},"end":{"line":3,"column":77}},"4":{"start":{"line":10,"column":28},"end":{"line":10,"column":40}},"5":{"start":{"line":11,"column":34},"end":{"line":11,"column":46}},"6":{"start":{"line":12,"column":28},"end":{"line":12,"column":40}},"7":{"start":{"line":13,"column":32},"end":{"line":13,"column":47}},"8":{"start":{"line":15,"column":23},"end":{"line":30,"column":4}},"9":{"start":{"line":15,"column":52},"end":{"line":30,"column":4}},"10":{"start":{"line":16,"column":4},"end":{"line":16,"column":23}},"11":{"start":{"line":17,"column":4},"end":{"line":17,"column":17}},"12":{"start":{"line":18,"column":4},"end":{"line":18,"column":21}},"13":{"start":{"line":20,"column":4},"end":{"line":29,"column":5}},"14":{"start":{"line":21,"column":19},"end":{"line":21,"column":60}},"15":{"start":{"line":22,"column":6},"end":{"line":22,"column":61}},"16":{"start":{"line":23,"column":6},"end":{"line":23,"column":75}},"17":{"start":{"line":24,"column":6},"end":{"line":24,"column":23}},"18":{"start":{"line":26,"column":6},"end":{"line":26,"column":93}},"19":{"start":{"line":28,"column":6},"end":{"line":28,"column":24}},"20":{"start":{"line":32,"column":2},"end":{"line":128,"column":4}},"21":{"start":{"line":70,"column":37},"end":{"line":70,"column":61}},"22":{"start":{"line":87,"column":37},"end":{"line":87,"column":64}}},"fnMap":{"0":{"name":"PlatformAdminLogin","decl":{"start":{"line":9,"column":24},"end":{"line":9,"column":42}},"loc":{"start":{"line":9,"column":68},"end":{"line":129,"column":1}}},"1":{"name":"(anonymous_8)","decl":{"start":{"line":15,"column":23},"end":{"line":15,"column":30}},"loc":{"start":{"line":15,"column":52},"end":{"line":30,"column":4}}},"2":{"name":"(anonymous_9)","decl":{"start":{"line":15,"column":52},"end":{"line":15,"column":null}},"loc":{"start":{"line":15,"column":52},"end":{"line":30,"column":3}}},"3":{"name":"(anonymous_10)","decl":{"start":{"line":70,"column":30},"end":{"line":70,"column":31}},"loc":{"start":{"line":70,"column":37},"end":{"line":70,"column":61}}},"4":{"name":"(anonymous_11)","decl":{"start":{"line":87,"column":30},"end":{"line":87,"column":31}},"loc":{"start":{"line":87,"column":37},"end":{"line":87,"column":64}}}},"branchMap":{"0":{"loc":{"start":{"line":26,"column":15},"end":{"line":26,"column":91}},"type":"binary-expr","locations":[{"start":{"line":26,"column":15},"end":{"line":26,"column":42}},{"start":{"line":26,"column":46},"end":{"line":26,"column":91}}]},"1":{"loc":{"start":{"line":26,"column":15},"end":{"line":26,"column":42}},"type":"cond-expr","locations":[{"start":{"line":26,"column":33},"end":{"line":26,"column":35}},{"start":{"line":26,"column":33},"end":{"line":26,"column":42}}]},"2":{"loc":{"start":{"line":26,"column":15},"end":{"line":26,"column":35}},"type":"binary-expr","locations":[{"start":{"line":26,"column":15},"end":{"line":26,"column":35}},{"start":{"line":26,"column":33},"end":{"line":26,"column":35}}]},"3":{"loc":{"start":{"line":26,"column":15},"end":{"line":26,"column":33}},"type":"cond-expr","locations":[{"start":{"line":26,"column":27},"end":{"line":26,"column":29}},{"start":{"line":26,"column":27},"end":{"line":26,"column":33}}]},"4":{"loc":{"start":{"line":26,"column":15},"end":{"line":26,"column":29}},"type":"binary-expr","locations":[{"start":{"line":26,"column":15},"end":{"line":26,"column":29}},{"start":{"line":26,"column":27},"end":{"line":26,"column":29}}]},"5":{"loc":{"start":{"line":53,"column":13},"end":{"line":57,"column":null}},"type":"binary-expr","locations":[{"start":{"line":53,"column":13},"end":{"line":53,"column":18}},{"start":{"line":54,"column":14},"end":{"line":56,"column":null}}]},"6":{"loc":{"start":{"line":100,"column":17},"end":{"line":106,"column":null}},"type":"cond-expr","locations":[{"start":{"line":101,"column":18},"end":{"line":102,"column":null}},{"start":{"line":106,"column":18},"end":{"line":106,"column":37}}]}},"s":{"0":1,"1":1,"2":1,"3":1,"4":254,"5":254,"6":254,"7":254,"8":254,"9":8,"10":8,"11":8,"12":8,"13":8,"14":8,"15":4,"16":3,"17":3,"18":4,"19":7,"20":254,"21":135,"22":93},"f":{"0":254,"1":8,"2":8,"3":135,"4":93},"b":{"0":[4,2],"1":[2,2],"2":[4,4],"3":[2,2],"4":[4,4],"5":[254,3],"6":[8,246]}}
,"D:\\carbon-trading-platform-main\\client\\src\\pages\\admin\\TransactionsAudit.tsx": {"path":"D:\\carbon-trading-platform-main\\client\\src\\pages\\admin\\TransactionsAudit.tsx","statementMap":{"0":{"start":{"line":4,"column":0},"end":{"line":4,"column":24}},"1":{"start":{"line":1,"column":0},"end":{"line":1,"column":57}},"2":{"start":{"line":2,"column":0},"end":{"line":2,"column":63}},"3":{"start":{"line":5,"column":42},"end":{"line":5,"column":61}},"4":{"start":{"line":6,"column":28},"end":{"line":6,"column":39}},"5":{"start":{"line":7,"column":26},"end":{"line":7,"column":37}},"6":{"start":{"line":8,"column":38},"end":{"line":8,"column":49}},"7":{"start":{"line":9,"column":32},"end":{"line":9,"column":47}},"8":{"start":{"line":11,"column":15},"end":{"line":23,"column":12}},"9":{"start":{"line":11,"column":38},"end":{"line":23,"column":5}},"10":{"start":{"line":12,"column":4},"end":{"line":12,"column":21}},"11":{"start":{"line":13,"column":4},"end":{"line":22,"column":5}},"12":{"start":{"line":14,"column":19},"end":{"line":14,"column":63}},"13":{"start":{"line":15,"column":6},"end":{"line":15,"column":41}},"14":{"start":{"line":16,"column":6},"end":{"line":16,"column":27}},"15":{"start":{"line":17,"column":6},"end":{"line":17,"column":37}},"16":{"start":{"line":21,"column":6},"end":{"line":21,"column":24}},"17":{"start":{"line":25,"column":2},"end":{"line":25,"column":39}},"18":{"start":{"line":25,"column":20},"end":{"line":25,"column":27}},"19":{"start":{"line":27,"column":2},"end":{"line":90,"column":4}},"20":{"start":{"line":39,"column":16},"end":{"line":39,"column":28}},"21":{"start":{"line":54,"column":40},"end":{"line":65,"column":14}},"22":{"start":{"line":74,"column":27},"end":{"line":74,"column":48}},"23":{"start":{"line":74,"column":42},"end":{"line":74,"column":47}},"24":{"start":{"line":82,"column":27},"end":{"line":82,"column":48}},"25":{"start":{"line":82,"column":42},"end":{"line":82,"column":47}}},"fnMap":{"0":{"name":"TransactionsAudit","decl":{"start":{"line":4,"column":24},"end":{"line":4,"column":41}},"loc":{"start":{"line":4,"column":41},"end":{"line":91,"column":1}}},"1":{"name":"(anonymous_8)","decl":{"start":{"line":11,"column":27},"end":{"line":11,"column":36}},"loc":{"start":{"line":11,"column":38},"end":{"line":23,"column":5}}},"2":{"name":"(anonymous_9)","decl":{"start":{"line":11,"column":38},"end":{"line":11,"column":null}},"loc":{"start":{"line":11,"column":38},"end":{"line":23,"column":3}}},"3":{"name":"(anonymous_10)","decl":{"start":{"line":25,"column":12},"end":{"line":25,"column":15}},"loc":{"start":{"line":25,"column":17},"end":{"line":25,"column":29}}},"4":{"name":"(anonymous_11)","decl":{"start":{"line":38,"column":90},"end":{"line":38,"column":91}},"loc":{"start":{"line":39,"column":16},"end":{"line":39,"column":28}}},"5":{"name":"(anonymous_12)","decl":{"start":{"line":54,"column":33},"end":{"line":54,"column":34}},"loc":{"start":{"line":54,"column":39},"end":{"line":65,"column":14}}},"6":{"name":"(anonymous_13)","decl":{"start":{"line":74,"column":21},"end":{"line":74,"column":24}},"loc":{"start":{"line":74,"column":27},"end":{"line":74,"column":48}}},"7":{"name":"(anonymous_14)","decl":{"start":{"line":74,"column":35},"end":{"line":74,"column":36}},"loc":{"start":{"line":74,"column":42},"end":{"line":74,"column":47}}},"8":{"name":"(anonymous_15)","decl":{"start":{"line":82,"column":21},"end":{"line":82,"column":24}},"loc":{"start":{"line":82,"column":27},"end":{"line":82,"column":48}}},"9":{"name":"(anonymous_16)","decl":{"start":{"line":82,"column":35},"end":{"line":82,"column":36}},"loc":{"start":{"line":82,"column":42},"end":{"line":82,"column":47}}}},"branchMap":{"0":{"loc":{"start":{"line":46,"column":13},"end":{"line":65,"column":14}},"type":"cond-expr","locations":[{"start":{"line":47,"column":14},"end":{"line":48,"column":null}},{"start":{"line":50,"column":16},"end":{"line":65,"column":14}}]},"1":{"loc":{"start":{"line":50,"column":16},"end":{"line":65,"column":14}},"type":"cond-expr","locations":[{"start":{"line":51,"column":14},"end":{"line":52,"column":null}},{"start":{"line":54,"column":16},"end":{"line":65,"column":14}}]},"2":{"loc":{"start":{"line":56,"column":71},"end":{"line":56,"column":98}},"type":"binary-expr","locations":[{"start":{"line":56,"column":71},"end":{"line":56,"column":91}},{"start":{"line":56,"column":95},"end":{"line":56,"column":98}}]},"3":{"loc":{"start":{"line":56,"column":71},"end":{"line":56,"column":91}},"type":"cond-expr","locations":[{"start":{"line":56,"column":85},"end":{"line":56,"column":87}},{"start":{"line":56,"column":85},"end":{"line":56,"column":91}}]},"4":{"loc":{"start":{"line":56,"column":71},"end":{"line":56,"column":87}},"type":"binary-expr","locations":[{"start":{"line":56,"column":71},"end":{"line":56,"column":87}},{"start":{"line":56,"column":85},"end":{"line":56,"column":87}}]},"5":{"loc":{"start":{"line":57,"column":57},"end":{"line":57,"column":85}},"type":"binary-expr","locations":[{"start":{"line":57,"column":57},"end":{"line":57,"column":78}},{"start":{"line":57,"column":82},"end":{"line":57,"column":85}}]},"6":{"loc":{"start":{"line":57,"column":57},"end":{"line":57,"column":78}},"type":"cond-expr","locations":[{"start":{"line":57,"column":72},"end":{"line":57,"column":74}},{"start":{"line":57,"column":72},"end":{"line":57,"column":78}}]},"7":{"loc":{"start":{"line":57,"column":57},"end":{"line":57,"column":74}},"type":"binary-expr","locations":[{"start":{"line":57,"column":57},"end":{"line":57,"column":74}},{"start":{"line":57,"column":72},"end":{"line":57,"column":74}}]},"8":{"loc":{"start":{"line":70,"column":7},"end":{"line":87,"column":null}},"type":"binary-expr","locations":[{"start":{"line":70,"column":7},"end":{"line":70,"column":21}},{"start":{"line":71,"column":8},"end":{"line":86,"column":null}}]}},"s":{"0":1,"1":1,"2":1,"3":53,"4":53,"5":53,"6":53,"7":53,"8":53,"9":18,"10":18,"11":18,"12":18,"13":17,"14":17,"15":17,"16":17,"17":53,"18":18,"19":53,"20":318,"21":27,"22":0,"23":0,"24":1,"25":1},"f":{"0":53,"1":18,"2":18,"3":18,"4":318,"5":27,"6":0,"7":0,"8":1,"9":1},"b":{"0":[18,35],"1":[18,17],"2":[27,1],"3":[1,26],"4":[27,26],"5":[27,1],"6":[1,26],"7":[27,26],"8":[53,6]}}
,"D:\\carbon-trading-platform-main\\client\\src\\pages\\admin\\UserManagement.tsx": {"path":"D:\\carbon-trading-platform-main\\client\\src\\pages\\admin\\UserManagement.tsx","statementMap":{"0":{"start":{"line":25,"column":0},"end":{"line":25,"column":24}},"1":{"start":{"line":1,"column":0},"end":{"line":1,"column":57}},"2":{"start":{"line":2,"column":0},"end":{"line":2,"column":68}},"3":{"start":{"line":3,"column":0},"end":{"line":3,"column":63}},"4":{"start":{"line":4,"column":0},"end":{"line":4,"column":null}},"5":{"start":{"line":18,"column":43},"end":{"line":23,"column":2}},"6":{"start":{"line":26,"column":28},"end":{"line":26,"column":47}},"7":{"start":{"line":27,"column":28},"end":{"line":27,"column":39}},"8":{"start":{"line":28,"column":26},"end":{"line":28,"column":37}},"9":{"start":{"line":29,"column":38},"end":{"line":29,"column":49}},"10":{"start":{"line":31,"column":38},"end":{"line":31,"column":53}},"11":{"start":{"line":32,"column":30},"end":{"line":32,"column":42}},"12":{"start":{"line":33,"column":32},"end":{"line":33,"column":47}},"13":{"start":{"line":35,"column":44},"end":{"line":35,"column":73}},"14":{"start":{"line":37,"column":20},"end":{"line":53,"column":32}},"15":{"start":{"line":37,"column":43},"end":{"line":53,"column":5}},"16":{"start":{"line":38,"column":4},"end":{"line":38,"column":21}},"17":{"start":{"line":39,"column":4},"end":{"line":52,"column":5}},"18":{"start":{"line":40,"column":54},"end":{"line":40,"column":73}},"19":{"start":{"line":41,"column":6},"end":{"line":41,"column":57}},"20":{"start":{"line":41,"column":32},"end":{"line":41,"column":57}},"21":{"start":{"line":42,"column":6},"end":{"line":42,"column":55}},"22":{"start":{"line":42,"column":25},"end":{"line":42,"column":55}},"23":{"start":{"line":44,"column":19},"end":{"line":44,"column":43}},"24":{"start":{"line":45,"column":6},"end":{"line":45,"column":33}},"25":{"start":{"line":46,"column":6},"end":{"line":46,"column":32}},"26":{"start":{"line":47,"column":6},"end":{"line":47,"column":42}},"27":{"start":{"line":51,"column":6},"end":{"line":51,"column":24}},"28":{"start":{"line":55,"column":2},"end":{"line":57,"column":18}},"29":{"start":{"line":56,"column":4},"end":{"line":56,"column":16}},"30":{"start":{"line":59,"column":23},"end":{"line":64,"column":4}},"31":{"start":{"line":59,"column":34},"end":{"line":64,"column":4}},"32":{"start":{"line":60,"column":4},"end":{"line":60,"column":31}},"33":{"start":{"line":60,"column":24},"end":{"line":60,"column":31}},"34":{"start":{"line":61,"column":4},"end":{"line":61,"column":36}},"35":{"start":{"line":62,"column":4},"end":{"line":62,"column":27}},"36":{"start":{"line":63,"column":4},"end":{"line":63,"column":16}},"37":{"start":{"line":66,"column":23},"end":{"line":70,"column":3}},"38":{"start":{"line":67,"column":4},"end":{"line":67,"column":18}},"39":{"start":{"line":68,"column":4},"end":{"line":68,"column":25}},"40":{"start":{"line":69,"column":4},"end":{"line":69,"column":15}},"41":{"start":{"line":72,"column":2},"end":{"line":243,"column":4}},"42":{"start":{"line":100,"column":31},"end":{"line":100,"column":57}},"43":{"start":{"line":100,"column":58},"end":{"line":100,"column":69}},"44":{"start":{"line":110,"column":33},"end":{"line":110,"column":63}},"45":{"start":{"line":110,"column":64},"end":{"line":110,"column":75}},"46":{"start":{"line":114,"column":16},"end":{"line":114,"column":32}},"47":{"start":{"line":135,"column":18},"end":{"line":135,"column":30}},"48":{"start":{"line":161,"column":33},"end":{"line":200,"column":18}},"49":{"start":{"line":193,"column":39},"end":{"line":193,"column":62}},"50":{"start":{"line":215,"column":31},"end":{"line":215,"column":52}},"51":{"start":{"line":215,"column":46},"end":{"line":215,"column":51}},"52":{"start":{"line":222,"column":31},"end":{"line":222,"column":52}},"53":{"start":{"line":222,"column":46},"end":{"line":222,"column":51}},"54":{"start":{"line":235,"column":82},"end":{"line":235,"column":105}},"55":{"start":{"line":239,"column":26},"end":{"line":239,"column":48}}},"fnMap":{"0":{"name":"UserManagement","decl":{"start":{"line":25,"column":24},"end":{"line":25,"column":38}},"loc":{"start":{"line":25,"column":38},"end":{"line":244,"column":1}}},"1":{"name":"(anonymous_9)","decl":{"start":{"line":37,"column":32},"end":{"line":37,"column":41}},"loc":{"start":{"line":37,"column":43},"end":{"line":53,"column":5}}},"2":{"name":"(anonymous_10)","decl":{"start":{"line":37,"column":43},"end":{"line":37,"column":null}},"loc":{"start":{"line":37,"column":43},"end":{"line":53,"column":3}}},"3":{"name":"(anonymous_11)","decl":{"start":{"line":55,"column":12},"end":{"line":55,"column":15}},"loc":{"start":{"line":55,"column":17},"end":{"line":57,"column":3}}},"4":{"name":"(anonymous_12)","decl":{"start":{"line":59,"column":23},"end":{"line":59,"column":32}},"loc":{"start":{"line":59,"column":34},"end":{"line":64,"column":4}}},"5":{"name":"(anonymous_13)","decl":{"start":{"line":59,"column":34},"end":{"line":59,"column":null}},"loc":{"start":{"line":59,"column":34},"end":{"line":64,"column":3}}},"6":{"name":"(anonymous_14)","decl":{"start":{"line":66,"column":23},"end":{"line":66,"column":26}},"loc":{"start":{"line":66,"column":28},"end":{"line":70,"column":3}}},"7":{"name":"(anonymous_15)","decl":{"start":{"line":100,"column":22},"end":{"line":100,"column":23}},"loc":{"start":{"line":100,"column":28},"end":{"line":100,"column":71}}},"8":{"name":"(anonymous_16)","decl":{"start":{"line":110,"column":24},"end":{"line":110,"column":25}},"loc":{"start":{"line":110,"column":30},"end":{"line":110,"column":77}}},"9":{"name":"(anonymous_17)","decl":{"start":{"line":113,"column":67},"end":{"line":113,"column":68}},"loc":{"start":{"line":114,"column":16},"end":{"line":114,"column":32}}},"10":{"name":"(anonymous_18)","decl":{"start":{"line":134,"column":101},"end":{"line":134,"column":102}},"loc":{"start":{"line":135,"column":18},"end":{"line":135,"column":30}}},"11":{"name":"(anonymous_19)","decl":{"start":{"line":161,"column":26},"end":{"line":161,"column":27}},"loc":{"start":{"line":161,"column":32},"end":{"line":200,"column":18}}},"12":{"name":"(anonymous_20)","decl":{"start":{"line":193,"column":33},"end":{"line":193,"column":36}},"loc":{"start":{"line":193,"column":39},"end":{"line":193,"column":62}}},"13":{"name":"(anonymous_21)","decl":{"start":{"line":215,"column":25},"end":{"line":215,"column":28}},"loc":{"start":{"line":215,"column":31},"end":{"line":215,"column":52}}},"14":{"name":"(anonymous_22)","decl":{"start":{"line":215,"column":39},"end":{"line":215,"column":40}},"loc":{"start":{"line":215,"column":46},"end":{"line":215,"column":51}}},"15":{"name":"(anonymous_23)","decl":{"start":{"line":222,"column":25},"end":{"line":222,"column":28}},"loc":{"start":{"line":222,"column":31},"end":{"line":222,"column":52}}},"16":{"name":"(anonymous_24)","decl":{"start":{"line":222,"column":39},"end":{"line":222,"column":40}},"loc":{"start":{"line":222,"column":46},"end":{"line":222,"column":51}}},"17":{"name":"(anonymous_25)","decl":{"start":{"line":235,"column":77},"end":{"line":235,"column":78}},"loc":{"start":{"line":235,"column":82},"end":{"line":235,"column":105}}},"18":{"name":"(anonymous_26)","decl":{"start":{"line":239,"column":20},"end":{"line":239,"column":23}},"loc":{"start":{"line":239,"column":26},"end":{"line":239,"column":48}}}},"branchMap":{"0":{"loc":{"start":{"line":41,"column":6},"end":{"line":41,"column":57}},"type":"if","locations":[{"start":{"line":41,"column":6},"end":{"line":41,"column":57}},{"start":{},"end":{}}]},"1":{"loc":{"start":{"line":42,"column":6},"end":{"line":42,"column":55}},"type":"if","locations":[{"start":{"line":42,"column":6},"end":{"line":42,"column":55}},{"start":{},"end":{}}]},"2":{"loc":{"start":{"line":45,"column":15},"end":{"line":45,"column":31}},"type":"binary-expr","locations":[{"start":{"line":45,"column":15},"end":{"line":45,"column":25}},{"start":{"line":45,"column":29},"end":{"line":45,"column":31}}]},"3":{"loc":{"start":{"line":46,"column":15},"end":{"line":46,"column":30}},"type":"binary-expr","locations":[{"start":{"line":46,"column":15},"end":{"line":46,"column":25}},{"start":{"line":46,"column":29},"end":{"line":46,"column":30}}]},"4":{"loc":{"start":{"line":47,"column":20},"end":{"line":47,"column":40}},"type":"binary-expr","locations":[{"start":{"line":47,"column":20},"end":{"line":47,"column":35}},{"start":{"line":47,"column":39},"end":{"line":47,"column":40}}]},"5":{"loc":{"start":{"line":60,"column":4},"end":{"line":60,"column":31}},"type":"if","locations":[{"start":{"line":60,"column":4},"end":{"line":60,"column":31}},{"start":{},"end":{}}]},"6":{"loc":{"start":{"line":87,"column":44},"end":{"line":87,"column":73}},"type":"cond-expr","locations":[{"start":{"line":87,"column":54},"end":{"line":87,"column":68}},{"start":{"line":87,"column":71},"end":{"line":87,"column":73}}]},"7":{"loc":{"start":{"line":114,"column":43},"end":{"line":114,"column":72}},"type":"cond-expr","locations":[{"start":{"line":114,"column":57},"end":{"line":114,"column":68}},{"start":{"line":114,"column":71},"end":{"line":114,"column":72}}]},"8":{"loc":{"start":{"line":142,"column":15},"end":{"line":200,"column":null}},"type":"cond-expr","locations":[{"start":{"line":143,"column":16},"end":{"line":149,"column":null}},{"start":{"line":151,"column":18},"end":{"line":200,"column":null}}]},"9":{"loc":{"start":{"line":151,"column":18},"end":{"line":200,"column":null}},"type":"cond-expr","locations":[{"start":{"line":152,"column":16},"end":{"line":158,"column":null}},{"start":{"line":161,"column":16},"end":{"line":200,"column":18}}]},"10":{"loc":{"start":{"line":178,"column":51},"end":{"line":178,"column":82}},"type":"binary-expr","locations":[{"start":{"line":178,"column":51},"end":{"line":178,"column":66}},{"start":{"line":178,"column":70},"end":{"line":178,"column":82}}]},"11":{"loc":{"start":{"line":178,"column":51},"end":{"line":178,"column":66}},"type":"cond-expr","locations":[{"start":{"line":178,"column":60},"end":{"line":178,"column":62}},{"start":{"line":178,"column":60},"end":{"line":178,"column":66}}]},"12":{"loc":{"start":{"line":178,"column":51},"end":{"line":178,"column":62}},"type":"binary-expr","locations":[{"start":{"line":178,"column":51},"end":{"line":178,"column":62}},{"start":{"line":178,"column":60},"end":{"line":178,"column":62}}]},"13":{"loc":{"start":{"line":182,"column":24},"end":{"line":186,"column":67}},"type":"cond-expr","locations":[{"start":{"line":183,"column":24},"end":{"line":184,"column":null}},{"start":{"line":186,"column":26},"end":{"line":186,"column":67}}]},"14":{"loc":{"start":{"line":182,"column":24},"end":{"line":182,"column":41}},"type":"cond-expr","locations":[{"start":{"line":182,"column":33},"end":{"line":182,"column":35}},{"start":{"line":182,"column":33},"end":{"line":182,"column":41}}]},"15":{"loc":{"start":{"line":182,"column":24},"end":{"line":182,"column":35}},"type":"binary-expr","locations":[{"start":{"line":182,"column":24},"end":{"line":182,"column":35}},{"start":{"line":182,"column":33},"end":{"line":182,"column":35}}]},"16":{"loc":{"start":{"line":207,"column":9},"end":{"line":228,"column":null}},"type":"binary-expr","locations":[{"start":{"line":207,"column":9},"end":{"line":207,"column":23}},{"start":{"line":208,"column":10},"end":{"line":227,"column":null}}]},"17":{"loc":{"start":{"line":232,"column":7},"end":{"line":240,"column":null}},"type":"binary-expr","locations":[{"start":{"line":232,"column":7},"end":{"line":232,"column":20}},{"start":{"line":233,"column":8},"end":{"line":239,"column":null}}]},"18":{"loc":{"start":{"line":235,"column":66},"end":{"line":235,"column":112}},"type":"cond-expr","locations":[{"start":{"line":235,"column":106},"end":{"line":235,"column":108}},{"start":{"line":235,"column":106},"end":{"line":235,"column":112}}]},"19":{"loc":{"start":{"line":235,"column":66},"end":{"line":235,"column":108}},"type":"binary-expr","locations":[{"start":{"line":235,"column":66},"end":{"line":235,"column":108}},{"start":{"line":235,"column":106},"end":{"line":235,"column":108}}]}},"s":{"0":1,"1":1,"2":1,"3":1,"4":1,"5":1,"6":96,"7":96,"8":96,"9":96,"10":96,"11":96,"12":96,"13":96,"14":96,"15":33,"16":33,"17":33,"18":33,"19":33,"20":2,"21":33,"22":5,"23":33,"24":32,"25":32,"26":32,"27":32,"28":96,"29":30,"30":96,"31":2,"32":2,"33":0,"34":2,"35":2,"36":2,"37":96,"38":1,"39":1,"40":1,"41":96,"42":5,"43":5,"44":2,"45":2,"46":480,"47":576,"48":121,"49":4,"50":0,"51":0,"52":0,"53":0,"54":4,"55":1},"f":{"0":96,"1":33,"2":33,"3":30,"4":2,"5":2,"6":1,"7":5,"8":2,"9":480,"10":576,"11":121,"12":4,"13":0,"14":0,"15":0,"16":0,"17":4,"18":1},"b":{"0":[2,31],"1":[5,28],"2":[32,0],"3":[32,1],"4":[32,0],"5":[0,2],"6":[32,64],"7":[96,384],"8":[32,64],"9":[23,41],"10":[121,40],"11":[40,81],"12":[121,81],"13":[81,40],"14":[40,81],"15":[121,81],"16":[96,1],"17":[96,4],"18":[0,4],"19":[4,4]}}
}
