TN:
SF:src\api\platformAdminApi.ts
FN:5,getHeaders
FN:11,platformAdminLogin
FN:17,fetchDashboardStats
FN:23,fetchCompanies
FN:23,(anonymous_14)
FN:31,fetchCompanyDetails
FN:36,approveCompany
FN:41,rejectCompany
FN:50,blockCompany
FN:59,unblockCompany
FN:64,adjustCredits
FN:77,deleteCompany
FN:83,fetchUsers
FN:83,(anonymous_30)
FN:91,deleteUser
FN:97,fetchTransactions
FN:97,(anonymous_34)
FNF:17
FNH:17
FNDA:24,getHeaders
FNDA:2,platformAdminLogin
FNDA:4,fetchDashboardStats
FNDA:3,fetchCompanies
FNDA:3,(anonymous_14)
FNDA:1,fetchCompanyDetails
FNDA:1,approveCompany
FNDA:2,rejectCompany
FNDA:1,blockCompany
FNDA:1,unblockCompany
FNDA:4,adjustCredits
FNDA:1,deleteCompany
FNDA:2,fetchUsers
FNDA:2,(anonymous_30)
FNDA:1,deleteUser
FNDA:3,fetchTransactions
FNDA:3,(anonymous_34)
DA:1,6
DA:3,6
DA:6,24
DA:7,24
DA:11,6
DA:12,2
DA:13,2
DA:17,6
DA:18,4
DA:19,4
DA:23,6
DA:24,3
DA:28,3
DA:31,6
DA:32,1
DA:33,1
DA:36,6
DA:37,1
DA:38,1
DA:41,6
DA:42,2
DA:47,2
DA:50,6
DA:51,1
DA:56,1
DA:59,6
DA:60,1
DA:61,1
DA:64,6
DA:69,4
DA:74,4
DA:77,6
DA:78,1
DA:79,1
DA:83,6
DA:84,2
DA:88,2
DA:91,6
DA:92,1
DA:93,1
DA:97,6
DA:98,3
DA:102,3
LF:43
LH:43
BRDA:23,0,0,2
BRDA:83,1,0,1
BRDA:97,2,0,2
BRF:3
BRH:3
end_of_record
TN:
SF:src\components\admin\ConfirmModal.tsx
FN:10,ConfirmModal
FNF:1
FNH:1
FNDA:8,ConfirmModal
DA:10,1
DA:18,8
LF:2
LH:2
BRDA:13,0,0,6
BRDA:14,1,0,6
BRDA:34,2,0,1
BRDA:34,2,1,7
BRF:4
BRH:4
end_of_record
TN:
SF:src\components\admin\PlatformAdminSidebar.tsx
FN:27,PlatformAdminSidebar
FN:48,(anonymous_1)
FN:53,(anonymous_2)
FNF:3
FNH:3
FNDA:10,PlatformAdminSidebar
FNDA:50,(anonymous_1)
FNDA:5,(anonymous_2)
DA:1,1
DA:19,1
DA:27,1
DA:28,10
DA:30,10
DA:49,50
DA:50,50
DA:53,5
LF:8
LH:8
BRDA:28,0,0,10
BRDA:28,0,1,9
BRDA:55,1,0,10
BRDA:55,1,1,40
BRDA:62,2,0,10
BRDA:62,2,1,40
BRDA:79,3,0,10
BRDA:79,3,1,9
BRF:8
BRH:8
end_of_record
TN:
SF:src\components\admin\ReasonModal.tsx
FN:10,ReasonModal
FN:23,(anonymous_1)
FN:37,(anonymous_2)
FNF:3
FNH:3
FNDA:47,ReasonModal
FNDA:38,(anonymous_1)
FNDA:2,(anonymous_2)
DA:1,1
DA:10,1
DA:11,47
DA:13,47
DA:23,38
DA:37,2
LF:6
LH:6
BRDA:10,0,0,46
BRF:1
BRH:1
end_of_record
TN:
SF:src\pages\admin\AdminDashboard.tsx
FN:22,StatCard
FN:40,AdminDashboard
FN:45,(anonymous_2)
FN:48,(anonymous_3)
FN:49,(anonymous_4)
FNF:5
FNH:5
FNDA:54,StatCard
FNDA:19,AdminDashboard
FNDA:11,(anonymous_2)
FNDA:1,(anonymous_3)
FNDA:9,(anonymous_4)
DA:1,1
DA:2,1
DA:23,54
DA:40,1
DA:41,19
DA:42,19
DA:43,19
DA:45,19
DA:46,11
DA:48,1
DA:49,9
DA:52,19
DA:53,11
DA:59,8
DA:60,1
DA:66,7
DA:68,6
LF:17
LH:17
BRDA:52,0,0,11
BRDA:52,0,1,8
BRDA:59,1,0,1
BRDA:59,1,1,7
BRDA:66,2,0,1
BRDA:66,2,1,6
BRF:6
BRH:6
end_of_record
TN:
SF:src\pages\admin\CompanyManagement.tsx
FN:37,CompanyManagement
FN:53,(anonymous_9)
FN:53,(anonymous_10)
FN:79,(anonymous_11)
FN:83,(anonymous_12)
FN:83,(anonymous_13)
FN:88,(anonymous_14)
FN:88,(anonymous_15)
FN:101,(anonymous_16)
FN:101,(anonymous_17)
FN:106,(anonymous_18)
FN:106,(anonymous_19)
FN:115,(anonymous_20)
FN:172,(anonymous_21)
FN:182,(anonymous_22)
FN:186,(anonymous_23)
FN:196,(anonymous_24)
FN:200,(anonymous_25)
FN:229,(anonymous_26)
FN:262,(anonymous_27)
FN:277,(anonymous_28)
FN:313,(anonymous_29)
FN:314,(anonymous_30)
FN:319,(anonymous_31)
FN:323,(anonymous_32)
FN:327,(anonymous_33)
FN:334,(anonymous_34)
FN:364,(anonymous_35)
FN:364,(anonymous_36)
FN:372,(anonymous_37)
FN:372,(anonymous_38)
FN:387,(anonymous_39)
FN:396,(anonymous_40)
FN:407,(anonymous_41)
FN:415,ActionBtn
FNF:35
FNH:29
FNDA:116,CompanyManagement
FNDA:41,(anonymous_9)
FNDA:41,(anonymous_10)
FNDA:34,(anonymous_11)
FNDA:1,(anonymous_12)
FNDA:1,(anonymous_13)
FNDA:2,(anonymous_14)
FNDA:2,(anonymous_15)
FNDA:1,(anonymous_16)
FNDA:1,(anonymous_17)
FNDA:1,(anonymous_18)
FNDA:1,(anonymous_19)
FNDA:1,(anonymous_20)
FNDA:3,(anonymous_21)
FNDA:2,(anonymous_22)
FNDA:580,(anonymous_23)
FNDA:1,(anonymous_24)
FNDA:464,(anonymous_25)
FNDA:696,(anonymous_26)
FNDA:151,(anonymous_27)
FNDA:2,(anonymous_28)
FNDA:1,(anonymous_29)
FNDA:3,(anonymous_30)
FNDA:2,(anonymous_31)
FNDA:1,(anonymous_32)
FNDA:0,(anonymous_33)
FNDA:2,(anonymous_34)
FNDA:0,(anonymous_35)
FNDA:0,(anonymous_36)
FNDA:0,(anonymous_37)
FNDA:0,(anonymous_38)
FNDA:1,(anonymous_39)
FNDA:1,(anonymous_40)
FNDA:0,(anonymous_41)
FNDA:198,ActionBtn
DA:1,1
DA:2,1
DA:11,1
DA:12,1
DA:13,1
DA:15,1
DA:30,1
DA:37,1
DA:39,116
DA:40,116
DA:41,116
DA:42,116
DA:44,116
DA:45,116
DA:46,116
DA:47,116
DA:49,116
DA:50,116
DA:51,116
DA:53,116
DA:55,41
DA:57,41
DA:59,41
DA:61,41
DA:62,41
DA:63,41
DA:65,41
DA:67,40
DA:68,40
DA:69,40
DA:74,40
DA:79,116
DA:80,34
DA:83,116
DA:84,1
DA:85,1
DA:88,116
DA:90,2
DA:92,2
DA:93,1
DA:95,1
DA:97,2
DA:98,2
DA:101,116
DA:102,1
DA:103,1
DA:106,116
DA:108,1
DA:110,1
DA:111,1
DA:112,1
DA:115,116
DA:117,1
DA:118,1
DA:119,1
DA:120,1
DA:124,116
DA:126,116
DA:172,3
DA:182,2
DA:187,580
DA:196,1
DA:201,464
DA:230,696
DA:262,151
DA:277,2
DA:313,1
DA:314,3
DA:319,2
DA:323,1
DA:327,0
DA:334,2
DA:364,0
DA:372,0
DA:387,1
DA:396,1
DA:407,0
DA:425,198
DA:431,198
LF:79
LH:75
BRDA:61,0,0,2
BRDA:61,0,1,39
BRDA:62,1,0,1
BRDA:62,1,1,40
BRDA:63,2,0,3
BRDA:63,2,1,38
BRDA:67,3,0,40
BRDA:67,3,1,0
BRDA:68,4,0,40
BRDA:68,4,1,1
BRDA:69,5,0,40
BRDA:69,5,1,0
BRDA:90,6,0,0
BRDA:90,6,1,2
BRDA:92,7,0,1
BRDA:92,7,1,1
BRDA:108,8,0,0
BRDA:108,8,1,1
BRDA:152,9,0,37
BRDA:152,9,1,79
BRDA:188,10,0,116
BRDA:188,10,1,464
BRDA:202,11,0,116
BRDA:202,11,1,348
BRDA:244,12,0,37
BRDA:244,12,1,79
BRDA:252,13,0,28
BRDA:252,13,1,51
BRDA:273,14,0,0
BRDA:273,14,1,151
BRDA:273,15,0,151
BRDA:273,15,1,151
BRDA:300,16,0,0
BRDA:300,16,1,151
BRDA:300,17,0,151
BRDA:300,17,1,151
BRDA:311,18,0,151
BRDA:311,18,1,51
BRDA:318,19,0,151
BRDA:318,19,1,50
BRDA:322,20,0,151
BRDA:322,20,1,50
BRDA:358,21,0,116
BRDA:358,21,1,1
BRDA:384,22,0,116
BRDA:384,22,1,2
BRDA:391,23,0,116
BRDA:391,23,1,5
BRDA:393,24,0,3
BRDA:393,24,1,2
BRDA:400,25,0,116
BRDA:400,25,1,2
BRF:52
BRH:46
end_of_record
TN:
SF:src\pages\admin\PlatformAdminLogin.tsx
FN:9,PlatformAdminLogin
FN:15,(anonymous_8)
FN:15,(anonymous_9)
FN:70,(anonymous_10)
FN:87,(anonymous_11)
FNF:5
FNH:5
FNDA:254,PlatformAdminLogin
FNDA:8,(anonymous_8)
FNDA:8,(anonymous_9)
FNDA:135,(anonymous_10)
FNDA:93,(anonymous_11)
DA:1,1
DA:2,1
DA:3,1
DA:9,1
DA:10,254
DA:11,254
DA:12,254
DA:13,254
DA:15,254
DA:16,8
DA:17,8
DA:18,8
DA:20,8
DA:21,8
DA:22,4
DA:23,3
DA:24,3
DA:26,4
DA:28,7
DA:32,254
DA:70,135
DA:87,93
LF:22
LH:22
BRDA:26,0,0,4
BRDA:26,0,1,2
BRDA:26,1,0,2
BRDA:26,1,1,2
BRDA:26,2,0,4
BRDA:26,2,1,4
BRDA:26,3,0,2
BRDA:26,3,1,2
BRDA:26,4,0,4
BRDA:26,4,1,4
BRDA:53,5,0,254
BRDA:53,5,1,3
BRDA:100,6,0,8
BRDA:100,6,1,246
BRF:14
BRH:14
end_of_record
TN:
SF:src\pages\admin\TransactionsAudit.tsx
FN:4,TransactionsAudit
FN:11,(anonymous_8)
FN:11,(anonymous_9)
FN:25,(anonymous_10)
FN:38,(anonymous_11)
FN:54,(anonymous_12)
FN:74,(anonymous_13)
FN:74,(anonymous_14)
FN:82,(anonymous_15)
FN:82,(anonymous_16)
FNF:10
FNH:8
FNDA:53,TransactionsAudit
FNDA:18,(anonymous_8)
FNDA:18,(anonymous_9)
FNDA:18,(anonymous_10)
FNDA:318,(anonymous_11)
FNDA:27,(anonymous_12)
FNDA:0,(anonymous_13)
FNDA:0,(anonymous_14)
FNDA:1,(anonymous_15)
FNDA:1,(anonymous_16)
DA:1,1
DA:2,1
DA:4,1
DA:5,53
DA:6,53
DA:7,53
DA:8,53
DA:9,53
DA:11,53
DA:12,18
DA:13,18
DA:14,18
DA:15,17
DA:16,17
DA:17,17
DA:21,17
DA:25,53
DA:27,53
DA:39,318
DA:54,27
DA:74,0
DA:82,1
LF:22
LH:21
BRDA:46,0,0,18
BRDA:46,0,1,35
BRDA:50,1,0,18
BRDA:50,1,1,17
BRDA:56,2,0,27
BRDA:56,2,1,1
BRDA:56,3,0,1
BRDA:56,3,1,26
BRDA:56,4,0,27
BRDA:56,4,1,26
BRDA:57,5,0,27
BRDA:57,5,1,1
BRDA:57,6,0,1
BRDA:57,6,1,26
BRDA:57,7,0,27
BRDA:57,7,1,26
BRDA:70,8,0,53
BRDA:70,8,1,6
BRF:18
BRH:18
end_of_record
TN:
SF:src\pages\admin\UserManagement.tsx
FN:25,UserManagement
FN:37,(anonymous_9)
FN:37,(anonymous_10)
FN:55,(anonymous_11)
FN:59,(anonymous_12)
FN:59,(anonymous_13)
FN:66,(anonymous_14)
FN:100,(anonymous_15)
FN:110,(anonymous_16)
FN:113,(anonymous_17)
FN:134,(anonymous_18)
FN:161,(anonymous_19)
FN:193,(anonymous_20)
FN:215,(anonymous_21)
FN:215,(anonymous_22)
FN:222,(anonymous_23)
FN:222,(anonymous_24)
FN:235,(anonymous_25)
FN:239,(anonymous_26)
FNF:19
FNH:15
FNDA:96,UserManagement
FNDA:33,(anonymous_9)
FNDA:33,(anonymous_10)
FNDA:30,(anonymous_11)
FNDA:2,(anonymous_12)
FNDA:2,(anonymous_13)
FNDA:1,(anonymous_14)
FNDA:5,(anonymous_15)
FNDA:2,(anonymous_16)
FNDA:480,(anonymous_17)
FNDA:576,(anonymous_18)
FNDA:121,(anonymous_19)
FNDA:4,(anonymous_20)
FNDA:0,(anonymous_21)
FNDA:0,(anonymous_22)
FNDA:0,(anonymous_23)
FNDA:0,(anonymous_24)
FNDA:4,(anonymous_25)
FNDA:1,(anonymous_26)
DA:1,1
DA:2,1
DA:3,1
DA:4,1
DA:18,1
DA:25,1
DA:26,96
DA:27,96
DA:28,96
DA:29,96
DA:31,96
DA:32,96
DA:33,96
DA:35,96
DA:37,96
DA:38,33
DA:39,33
DA:40,33
DA:41,33
DA:42,33
DA:44,33
DA:45,32
DA:46,32
DA:47,32
DA:51,32
DA:55,96
DA:56,30
DA:59,96
DA:60,2
DA:61,2
DA:62,2
DA:63,2
DA:66,96
DA:67,1
DA:68,1
DA:69,1
DA:72,96
DA:100,5
DA:110,2
DA:114,480
DA:135,576
DA:161,121
DA:193,4
DA:215,0
DA:222,0
DA:235,4
DA:239,1
LF:47
LH:45
BRDA:41,0,0,2
BRDA:41,0,1,31
BRDA:42,1,0,5
BRDA:42,1,1,28
BRDA:45,2,0,32
BRDA:45,2,1,0
BRDA:46,3,0,32
BRDA:46,3,1,1
BRDA:47,4,0,32
BRDA:47,4,1,0
BRDA:60,5,0,0
BRDA:60,5,1,2
BRDA:87,6,0,32
BRDA:87,6,1,64
BRDA:114,7,0,96
BRDA:114,7,1,384
BRDA:142,8,0,32
BRDA:142,8,1,64
BRDA:151,9,0,23
BRDA:151,9,1,41
BRDA:178,10,0,121
BRDA:178,10,1,40
BRDA:178,11,0,40
BRDA:178,11,1,81
BRDA:178,12,0,121
BRDA:178,12,1,81
BRDA:182,13,0,81
BRDA:182,13,1,40
BRDA:182,14,0,40
BRDA:182,14,1,81
BRDA:182,15,0,121
BRDA:182,15,1,81
BRDA:207,16,0,96
BRDA:207,16,1,1
BRDA:232,17,0,96
BRDA:232,17,1,4
BRDA:235,18,0,0
BRDA:235,18,1,4
BRDA:235,19,0,4
BRDA:235,19,1,4
BRF:40
BRH:36
end_of_record
